===============================================================
Gobuster v3.2.0-dev
by OJ Reeves (@TheColonial) & Christian Mehlmauer (@firefart)
===============================================================
[+] Url:                     http://10.10.59.152
[+] Method:                  GET
[+] Threads:                 10
[+] Wordlist:                /usr/share/wordlists/dirbuster/directory-list-2.3-medium.txt
[+] Negative Status codes:   404
[+] User Agent:              gobuster/3.2.0-dev
[+] Timeout:                 10s
===============================================================
2022/11/02 01:09:58 Starting gobuster in directory enumeration mode
===============================================================
[2K/admin                (Status: 301) [Size: 312] [--> http://10.10.59.152/admin/]
[2K/etc                  (Status: 301) [Size: 310] [--> http://10.10.59.152/etc/]
[2K/server-status        (Status: 403) [Size: 277]
===============================================================
2022/11/02 01:54:36 Finished
===============================================================
