- Nikto v2.1.6
---------------------------------------------------------------------------
+ Target IP:          10.10.211.95
+ Target Hostname:    10.10.211.95
+ Target Port:        80
+ Start Time:         2022-11-08 00:07:30 (GMT-5)
---------------------------------------------------------------------------
+ Server: Apache/2.4.18 (Ubuntu)
+ The anti-clickjacking X-Frame-Options header is not present.
+ The X-XSS-Protection header is not defined. This header can hint to the user agent to protect against some forms of XSS
+ The X-Content-Type-Options header is not set. This could allow the user agent to render the content of the site in a different fashion to the MIME type
+ No CGI Directories found (use '-C all' to force check all possible dirs)
+ Apache/2.4.18 appears to be outdated (current is at least Apache/2.4.37). Apache 2.2.34 is the EOL for the 2.x branch.
+ Web Server returns a valid response with junk HTTP methods, this may cause false positives.
+ OSVDB-3092: /hidden/: This might be interesting...
+ OSVDB-3092: /xmlrpc.php: xmlrpc.php was found.
+ OSVDB-3233: /icons/README: Apache default file found.
+ /wp-content/plugins/akismet/readme.txt: The WordPress Akismet plugin 'Tested up to' version usually matches the WordPress version
+ /wp-links-opml.php: This WordPress script reveals the installed version.
+ OSVDB-3092: /license.txt: License file found may identify site software.
+ /: A Wordpress installation was found.
+ Cookie wordpress_test_cookie created without the httponly flag
+ /wp-login.php: Wordpress login found
+ 7889 requests: 0 error(s) and 14 item(s) reported on remote host
+ End Time:           2022-11-08 00:23:35 (GMT-5) (965 seconds)
---------------------------------------------------------------------------
+ 1 host(s) tested
