===============================================================
Gobuster v3.2.0-dev
by OJ Reeves (@TheColonial) & Christian Mehlmauer (@firefart)
===============================================================
[+] Url:                     http://10.10.27.3
[+] Method:                  GET
[+] Threads:                 10
[+] Wordlist:                /usr/share/wordlists/dirbuster/directory-list-2.3-medium.txt
[+] Negative Status codes:   404
[+] User Agent:              gobuster/3.2.0-dev
[+] Timeout:                 10s
===============================================================
2022/11/04 22:10:57 Starting gobuster in directory enumeration mode
===============================================================
[2K/uploads              (Status: 301) [Size: 310] [--> http://10.10.27.3/uploads/]
[2K/secret               (Status: 301) [Size: 309] [--> http://10.10.27.3/secret/]
[2K/server-status        (Status: 403) [Size: 275]
===============================================================
2022/11/04 22:55:17 Finished
===============================================================
