- Nikto v2.1.6
---------------------------------------------------------------------------
+ Target IP:          10.10.24.161
+ Target Hostname:    10.10.24.161
+ Target Port:        80
+ Start Time:         2022-11-02 00:09:23 (GMT-4)
---------------------------------------------------------------------------
+ Server: Apache/2.4.29 (Ubuntu)
+ The anti-clickjacking X-Frame-Options header is not present.
+ The X-XSS-Protection header is not defined. This header can hint to the user agent to protect against some forms of XSS
+ The X-Content-Type-Options header is not set. This could allow the user agent to render the content of the site in a different fashion to the MIME type
+ No CGI Directories found (use '-C all' to force check all possible dirs)
+ Server may leak inodes via ETags, header found with file /, inode: 2ce, size: 5a5ee14bb8d76, mtime: gzip
+ Apache/2.4.29 appears to be outdated (current is at least Apache/2.4.37). Apache 2.2.34 is the EOL for the 2.x branch.
+ Allowed HTTP Methods: POST, OPTIONS, HEAD, GET 
+ OSVDB-3233: /icons/README: Apache default file found.
+ 7889 requests: 0 error(s) and 7 item(s) reported on remote host
+ End Time:           2022-11-02 00:25:22 (GMT-4) (959 seconds)
---------------------------------------------------------------------------
+ 1 host(s) tested
