===============================================================
Gobuster v3.2.0-dev
by OJ Reeves (@TheColonial) & Christian Mehlmauer (@firefart)
===============================================================
[+] Url:                     http://10.10.48.61:8080
[+] Method:                  GET
[+] Threads:                 10
[+] Wordlist:                /usr/share/wordlists/dirbuster/directory-list-2.3-medium.txt
[+] Negative Status codes:   404
[+] User Agent:              gobuster/3.2.0-dev
[+] Timeout:                 10s
===============================================================
2022/11/01 01:06:45 Starting gobuster in directory enumeration mode
===============================================================
[2K/docs                 (Status: 302) [Size: 0] [--> /docs/]
[2K/examples             (Status: 302) [Size: 0] [--> /examples/]
[2K/manager              (Status: 302) [Size: 0] [--> /manager/]
[2K/http%3A%2F%2Fwww     (Status: 400) [Size: 804]
[2K/http%3A%2F%2Fyoutube (Status: 400) [Size: 804]
[2K/http%3A%2F%2Fblogs   (Status: 400) [Size: 804]
[2K/http%3A%2F%2Fblog    (Status: 400) [Size: 804]
[2K/**http%3A%2F%2Fwww   (Status: 400) [Size: 804]
[2K/External%5CX-News    (Status: 400) [Size: 795]
[2K/http%3A%2F%2Fcommunity (Status: 400) [Size: 804]
[2K/http%3A%2F%2Fradar   (Status: 400) [Size: 804]
[2K/http%3A%2F%2Fjeremiahgrossman (Status: 400) [Size: 804]
[2K/http%3A%2F%2Fweblog  (Status: 400) [Size: 804]
[2K/http%3A%2F%2Fswik    (Status: 400) [Size: 804]
===============================================================
2022/11/01 01:44:37 Finished
===============================================================
