- Nikto v2.1.6
---------------------------------------------------------------------------
+ Target IP:          10.10.48.61
+ Target Hostname:    10.10.48.61
+ Target Port:        8080
+ Start Time:         2022-11-01 00:57:35 (GMT-4)
---------------------------------------------------------------------------
+ Server: No banner retrieved
+ The anti-clickjacking X-Frame-Options header is not present.
+ The X-XSS-Protection header is not defined. This header can hint to the user agent to protect against some forms of XSS
+ The X-Content-Type-Options header is not set. This could allow the user agent to render the content of the site in a different fashion to the MIME type
+ No CGI Directories found (use '-C all' to force check all possible dirs)
+ OSVDB-39272: /favicon.ico file identifies this app/server as: Apache Tomcat (possibly 5.5.26 through 8.0.15), Alfresco Community
+ Allowed HTTP Methods: GET, HEAD, POST, PUT, DELETE, OPTIONS 
+ OSVDB-397: HTTP method ('Allow' Header): 'PUT' method could allow clients to save files on the web server.
+ OSVDB-5646: HTTP method ('Allow' Header): 'DELETE' may allow clients to remove files on the web server.
+ /examples/servlets/index.html: Apache Tomcat default JSP pages present.
+ OSVDB-3720: /examples/jsp/snp/snoop.jsp: Displays information about page retrievals, including other users.
+ OSVDB-3233: /manager/manager-howto.html: Tomcat documentation found.
+ /manager/html: Default Tomcat Manager / Host Manager interface found
+ /host-manager/html: Default Tomcat Manager / Host Manager interface found
+ /manager/status: Default Tomcat Server Status interface found
+ /host-manager/status: Default Tomcat Server Status interface found
+ 7892 requests: 0 error(s) and 14 item(s) reported on remote host
+ End Time:           2022-11-01 01:13:13 (GMT-4) (938 seconds)
---------------------------------------------------------------------------
+ 1 host(s) tested
