===============================================================
Gobuster v3.2.0-dev
by OJ Reeves (@TheColonial) & Christian Mehlmauer (@firefart)
===============================================================
[+] Url:                     http://10.10.12.194
[+] Method:                  GET
[+] Threads:                 10
[+] Wordlist:                /usr/share/wordlists/dirbuster/directory-list-2.3-medium.txt
[+] Negative Status codes:   404
[+] User Agent:              gobuster/3.2.0-dev
[+] Timeout:                 10s
===============================================================
2022/11/09 02:23:43 Starting gobuster in directory enumeration mode
===============================================================
[2K/images               (Status: 301) [Size: 313] [--> http://10.10.12.194/images/]
[2K/assets               (Status: 301) [Size: 313] [--> http://10.10.12.194/assets/]
[2K/server-status        (Status: 403) [Size: 300]
===============================================================
2022/11/09 03:03:42 Finished
===============================================================
