===============================================================
Gobuster v3.6
by OJ Reeves (@TheColonial) & Christian Mehlmauer (@firefart)
===============================================================
[+] Url:                     http://10.10.44.123
[+] Method:                  GET
[+] Threads:                 10
[+] Wordlist:                /usr/share/wordlists/dirbuster/directory-list-2.3-medium.txt
[+] Negative Status codes:   404
[+] User Agent:              gobuster/3.6
[+] Timeout:                 10s
===============================================================
Starting gobuster in directory enumeration mode
===============================================================
[2K/wordpress            (Status: 301) [Size: 316] [--> http://10.10.44.123/wordpress/]
[2K/test                 (Status: 301) [Size: 311] [--> http://10.10.44.123/test/]
[2K/server-status        (Status: 403) [Size: 277]

===============================================================
Finished
===============================================================
