===============================================================
Gobuster v3.2.0-dev
by OJ Reeves (@TheColonial) & Christian Mehlmauer (@firefart)
===============================================================
[+] Url:                     http://10.10.119.38:8765
[+] Method:                  GET
[+] Threads:                 10
[+] Wordlist:                /usr/share/wordlists/dirb/common.txt
[+] Negative Status codes:   404
[+] User Agent:              gobuster/3.2.0-dev
[+] Timeout:                 10s
===============================================================
2022/11/10 01:09:13 Starting gobuster in directory enumeration mode
===============================================================
[2K/.hta                 (Status: 403) [Size: 178]
[2K/.htaccess            (Status: 403) [Size: 178]
[2K/.htpasswd            (Status: 403) [Size: 178]
[2K/assets               (Status: 301) [Size: 194] [--> http://10.10.119.38:8765/assets/]
[2K/auth                 (Status: 301) [Size: 194] [--> http://10.10.119.38:8765/auth/]
[2K/index.php            (Status: 200) [Size: 1363]
===============================================================
2022/11/10 01:10:06 Finished
===============================================================
