- Nikto v2.1.6
---------------------------------------------------------------------------
+ Target IP:          10.10.6.114
+ Target Hostname:    10.10.6.114
+ Target Port:        10000
---------------------------------------------------------------------------
+ SSL Info:        Subject:  /O=Webmin Webserver on source/CN=*/emailAddress=root@source
                   Ciphers:  TLS_AES_256_GCM_SHA384
                   Issuer:   /O=Webmin Webserver on source/CN=*/emailAddress=root@source
+ Start Time:         2022-11-06 20:07:30 (GMT-5)
---------------------------------------------------------------------------
+ Server: MiniServ/1.890
+ The X-XSS-Protection header is not defined. This header can hint to the user agent to protect against some forms of XSS
+ Uncommon header 'auth-type' found, with contents: auth-required=1
+ The site uses SSL and the Strict-Transport-Security HTTP header is not defined.
+ The site uses SSL and Expect-CT header is not present.
+ The X-Content-Type-Options header is not set. This could allow the user agent to render the content of the site in a different fashion to the MIME type
+ Cookie redirect created without the secure flag
+ Cookie redirect created without the httponly flag
+ Cookie testing created without the httponly flag
+ Scan terminated:  19 error(s) and 8 item(s) reported on remote host
+ End Time:           2022-11-06 20:29:08 (GMT-5) (1298 seconds)
---------------------------------------------------------------------------
+ 1 host(s) tested
