===============================================================
Gobuster v3.2.0-dev
by OJ Reeves (@TheColonial) & Christian Mehlmauer (@firefart)
===============================================================
[+] Url:                     http://10.10.19.153
[+] Method:                  GET
[+] Threads:                 10
[+] Wordlist:                /usr/share/wordlists/dirbuster/directory-list-2.3-medium.txt
[+] Negative Status codes:   404
[+] User Agent:              gobuster/3.2.0-dev
[+] Timeout:                 10s
===============================================================
2022/10/31 16:15:55 Starting gobuster in directory enumeration mode
===============================================================
[2K/img                  (Status: 301) [Size: 0] [--> img/]
[2K/downloads            (Status: 301) [Size: 0] [--> downloads/]
[2K/aboutus              (Status: 301) [Size: 0] [--> aboutus/]
[2K/admin                (Status: 301) [Size: 42] [--> /admin/]
[2K/css                  (Status: 301) [Size: 0] [--> css/]
[2K/http%3A%2F%2Fwww     (Status: 301) [Size: 0] [--> /http:/www]
[2K/http%3A%2F%2Fyoutube (Status: 301) [Size: 0] [--> /http:/youtube]
[2K/http%3A%2F%2Fblogs   (Status: 301) [Size: 0] [--> /http:/blogs]
[2K/http%3A%2F%2Fblog    (Status: 301) [Size: 0] [--> /http:/blog]
[2K/**http%3A%2F%2Fwww   (Status: 301) [Size: 0] [--> /%2A%2Ahttp:/www]
[2K/http%3A%2F%2Fcommunity (Status: 301) [Size: 0] [--> /http:/community]
[2K/http%3A%2F%2Fradar   (Status: 301) [Size: 0] [--> /http:/radar]
[2K/http%3A%2F%2Fjeremiahgrossman (Status: 301) [Size: 0] [--> /http:/jeremiahgrossman]
[2K/http%3A%2F%2Fweblog  (Status: 301) [Size: 0] [--> /http:/weblog]
[2K/http%3A%2F%2Fswik    (Status: 301) [Size: 0] [--> /http:/swik]
===============================================================
2022/10/31 16:55:02 Finished
===============================================================
