- Nikto v2.1.6
---------------------------------------------------------------------------
+ Target IP:          10.10.19.153
+ Target Hostname:    10.10.19.153
+ Target Port:        80
+ Start Time:         2022-10-31 16:15:19 (GMT-4)
---------------------------------------------------------------------------
+ Server: No banner retrieved
+ The anti-clickjacking X-Frame-Options header is not present.
+ The X-XSS-Protection header is not defined. This header can hint to the user agent to protect against some forms of XSS
+ The X-Content-Type-Options header is not set. This could allow the user agent to render the content of the site in a different fashion to the MIME type
+ No CGI Directories found (use '-C all' to force check all possible dirs)
+ Web Server returns a valid response with junk HTTP methods, this may cause false positives.
+ OSVDB-3092: /admin.html: This might be interesting...
+ OSVDB-3092: /admin/: This might be interesting...
+ OSVDB-3092: /css/: This might be interesting...
+ OSVDB-3092: /downloads/: This might be interesting...
+ OSVDB-3092: /img/: This might be interesting...
+ 7890 requests: 0 error(s) and 9 item(s) reported on remote host
+ End Time:           2022-10-31 16:29:41 (GMT-4) (862 seconds)
---------------------------------------------------------------------------
+ 1 host(s) tested
