- Nikto v2.1.6
---------------------------------------------------------------------------
+ Target IP:          10.10.247.28
+ Target Hostname:    10.10.247.28
+ Target Port:        80
+ Start Time:         2022-11-09 01:28:15 (GMT-5)
---------------------------------------------------------------------------
+ Server: nginx/1.14.0 (Ubuntu)
+ The anti-clickjacking X-Frame-Options header is not present.
+ The X-XSS-Protection header is not defined. This header can hint to the user agent to protect against some forms of XSS
+ The X-Content-Type-Options header is not set. This could allow the user agent to render the content of the site in a different fashion to the MIME type
+ No CGI Directories found (use '-C all' to force check all possible dirs)
+ OSVDB-3268: /css/: Directory indexing found.
+ OSVDB-3092: /css/: This might be interesting...
+ OSVDB-3092: /.git/index: Git Index file may contain directory listing information.
+ /.git/HEAD: Git HEAD file found. Full repo details may be present.
+ /.git/config: Git config file found. Infos about repo details may be present.
+ 7889 requests: 0 error(s) and 8 item(s) reported on remote host
+ End Time:           2022-11-09 01:43:38 (GMT-5) (923 seconds)
---------------------------------------------------------------------------
+ 1 host(s) tested
