===============================================================
Gobuster v3.2.0-dev
by OJ Reeves (@TheColonial) & Christian Mehlmauer (@firefart)
===============================================================
[+] Url:                     http://10.10.160.119:65524
[+] Method:                  GET
[+] Threads:                 10
[+] Wordlist:                /usr/share/wordlists/dirb/common.txt
[+] Negative Status codes:   404
[+] User Agent:              a18672860d0510e5ab6699730763b250
[+] Timeout:                 10s
===============================================================
2022/11/06 23:13:32 Starting gobuster in directory enumeration mode
===============================================================
[2K/.hta                 (Status: 403) [Size: 281]
[2K/.htaccess            (Status: 403) [Size: 281]
[2K/.htpasswd            (Status: 403) [Size: 281]
[2K/index.html           (Status: 200) [Size: 10818]
[2K/robots.txt           (Status: 200) [Size: 153]
[2K/server-status        (Status: 403) [Size: 281]
===============================================================
2022/11/06 23:14:25 Finished
===============================================================
