===============================================================
Gobuster v3.2.0-dev
by OJ Reeves (@TheColonial) & Christian Mehlmauer (@firefart)
===============================================================
[+] Url:                     http://10.10.18.203/hidden/whatever
[+] Method:                  GET
[+] Threads:                 10
[+] Wordlist:                /usr/share/wordlists/dirb/common.txt
[+] Negative Status codes:   404
[+] User Agent:              gobuster/3.2.0-dev
[+] Extensions:              css,js,html,php
[+] Timeout:                 10s
===============================================================
2022/11/06 23:27:28 Starting gobuster in directory enumeration mode
===============================================================
[2K/index.html           (Status: 200) [Size: 435]
[2K/index.html           (Status: 200) [Size: 435]
===============================================================
2022/11/06 23:32:25 Finished
===============================================================
