===============================================================
Gobuster v3.2.0-dev
by OJ Reeves (@TheColonial) & Christian Mehlmauer (@firefart)
===============================================================
[+] Url:                     http://10.10.221.171
[+] Method:                  GET
[+] Threads:                 10
[+] Wordlist:                /usr/share/wordlists/dirb/common.txt
[+] Negative Status codes:   404
[+] User Agent:              gobuster/3.2.0-dev
[+] Timeout:                 10s
===============================================================
2022/11/05 01:56:43 Starting gobuster in directory enumeration mode
===============================================================
[2K/.hta                 (Status: 403) [Size: 278]
[2K/.htpasswd            (Status: 403) [Size: 278]
[2K/.htaccess            (Status: 403) [Size: 278]
[2K/index.html           (Status: 200) [Size: 1466]
[2K/server-status        (Status: 403) [Size: 278]
===============================================================
2022/11/05 01:57:34 Finished
===============================================================
