===============================================================
Gobuster v3.2.0-dev
by OJ Reeves (@TheColonial) & Christian Mehlmauer (@firefart)
===============================================================
[+] Url:                     http://10.10.204.58
[+] Method:                  GET
[+] Threads:                 10
[+] Wordlist:                /usr/share/wordlists/dirb/common.txt
[+] Negative Status codes:   404
[+] User Agent:              gobuster/3.2.0-dev
[+] Timeout:                 10s
===============================================================
2022/11/17 02:37:48 Starting gobuster in directory enumeration mode
===============================================================
[2K/.hta                 (Status: 403) [Size: 277]
[2K/.htaccess            (Status: 403) [Size: 277]
[2K/.htpasswd            (Status: 403) [Size: 277]
[2K/index.php            (Status: 200) [Size: 402]
[2K/mail                 (Status: 301) [Size: 311] [--> http://10.10.204.58/mail/]
[2K/server-status        (Status: 403) [Size: 277]
===============================================================
2022/11/17 02:38:41 Finished
===============================================================
